127.0.0.1 - - [09/Nov/2020:00:28:31 -0500] "GET /api/v1 HTTP/1.1" 500 304
0:0:0:0:0:0:0:1 - - [09/Nov/2020:00:32:14 -0500] "GET /api/v1 HTTP/1.1" 500 304
0:0:0:0:0:0:0:1 - - [09/Nov/2020:00:32:14 -0500] "GET /favicon.ico HTTP/1.1" 404 124
127.0.0.1 - - [09/Nov/2020:00:32:58 -0500] "GET /api/v1 HTTP/1.1" 500 304
127.0.0.1 - - [09/Nov/2020:00:33:17 -0500] "GET /api/v1 HTTP/1.1" 500 304
127.0.0.1 - - [09/Nov/2020:00:33:23 -0500] "GET /api/v1 HTTP/1.1" 500 304
0:0:0:0:0:0:0:1 - - [09/Nov/2020:19:00:20 -0500] "OPTIONS /api/v1/loanService HTTP/1.1" 200 -
0:0:0:0:0:0:0:1 - - [09/Nov/2020:19:00:20 -0500] "GET /api/v1/loanService HTTP/1.1" 200 391
0:0:0:0:0:0:0:1 - - [09/Nov/2020:19:00:36 -0500] "GET /api/v1/loanService HTTP/1.1" 200 391
0:0:0:0:0:0:0:1 - - [09/Nov/2020:19:06:24 -0500] "GET /api/v1/loanService HTTP/1.1" 200 391
0:0:0:0:0:0:0:1 - - [09/Nov/2020:19:19:13 -0500] "GET /swagger-ui.html HTTP/1.1" 200 3246
0:0:0:0:0:0:0:1 - - [09/Nov/2020:19:19:13 -0500] "GET /webjars/springfox-swagger-ui/lib/jquery.slideto.min.js HTTP/1.1" 200 369
0:0:0:0:0:0:0:1 - - [09/Nov/2020:19:19:13 -0500] "GET /webjars/springfox-swagger-ui/lib/object-assign-pollyfill.js HTTP/1.1" 200 692
0:0:0:0:0:0:0:1 - - [09/Nov/2020:19:19:13 -0500] "GET /webjars/springfox-swagger-ui/css/reset.css HTTP/1.1" 200 1066
0:0:0:0:0:0:0:1 - - [09/Nov/2020:19:19:13 -0500] "GET /webjars/springfox-swagger-ui/css/screen.css HTTP/1.1" 200 49189
0:0:0:0:0:0:0:1 - - [09/Nov/2020:19:19:13 -0500] "GET /webjars/springfox-swagger-ui/css/typography.css HTTP/1.1" 200 450
0:0:0:0:0:0:0:1 - - [09/Nov/2020:19:19:13 -0500] "GET /webjars/springfox-swagger-ui/lib/jquery-1.8.0.min.js HTTP/1.1" 200 92555
0:0:0:0:0:0:0:1 - - [09/Nov/2020:19:19:14 -0500] "GET /webjars/springfox-swagger-ui/lib/jquery.ba-bbq.min.js HTTP/1.1" 200 4119
0:0:0:0:0:0:0:1 - - [09/Nov/2020:19:19:14 -0500] "GET /webjars/springfox-swagger-ui/lib/jquery.wiggle.min.js HTTP/1.1" 200 762
0:0:0:0:0:0:0:1 - - [09/Nov/2020:19:19:14 -0500] "GET /webjars/springfox-swagger-ui/lib/handlebars-4.0.5.js HTTP/1.1" 200 159587
0:0:0:0:0:0:0:1 - - [09/Nov/2020:19:19:14 -0500] "GET /webjars/springfox-swagger-ui/lib/backbone-min.js HTTP/1.1" 200 20390
0:0:0:0:0:0:0:1 - - [09/Nov/2020:19:19:14 -0500] "GET /webjars/springfox-swagger-ui/lib/lodash.min.js HTTP/1.1" 200 52646
0:0:0:0:0:0:0:1 - - [09/Nov/2020:19:19:14 -0500] "GET /webjars/springfox-swagger-ui/lib/highlight.9.1.0.pack.js HTTP/1.1" 200 11037
0:0:0:0:0:0:0:1 - - [09/Nov/2020:19:19:14 -0500] "GET /webjars/springfox-swagger-ui/lib/highlight.9.1.0.pack_extended.js HTTP/1.1" 200 1025
0:0:0:0:0:0:0:1 - - [09/Nov/2020:19:19:14 -0500] "GET /webjars/springfox-swagger-ui/lib/swagger-oauth.js HTTP/1.1" 200 11615
0:0:0:0:0:0:0:1 - - [09/Nov/2020:19:19:14 -0500] "GET /webjars/springfox-swagger-ui/lib/marked.js HTTP/1.1" 200 28156
0:0:0:0:0:0:0:1 - - [09/Nov/2020:19:19:14 -0500] "GET /webjars/springfox-swagger-ui/swagger-ui.min.js HTTP/1.1" 200 447004
0:0:0:0:0:0:0:1 - - [09/Nov/2020:19:19:14 -0500] "GET /webjars/springfox-swagger-ui/springfox.js HTTP/1.1" 200 3634
0:0:0:0:0:0:0:1 - - [09/Nov/2020:19:19:14 -0500] "GET /webjars/springfox-swagger-ui/lib/jsoneditor.min.js HTTP/1.1" 200 130042
0:0:0:0:0:0:0:1 - - [09/Nov/2020:19:19:14 -0500] "GET /webjars/springfox-swagger-ui/images/logo_small.png HTTP/1.1" 200 455
0:0:0:0:0:0:0:1 - - [09/Nov/2020:19:19:14 -0500] "GET /webjars/springfox-swagger-ui/css/print.css HTTP/1.1" 200 46684
0:0:0:0:0:0:0:1 - - [09/Nov/2020:19:19:15 -0500] "GET /webjars/springfox-swagger-ui/fonts/DroidSans-Bold.ttf HTTP/1.1" 200 42480
0:0:0:0:0:0:0:1 - - [09/Nov/2020:19:19:15 -0500] "GET /webjars/springfox-swagger-ui/fonts/DroidSans.ttf HTTP/1.1" 200 41028
0:0:0:0:0:0:0:1 - - [09/Nov/2020:19:19:15 -0500] "GET /webjars/springfox-swagger-ui/images/favicon-32x32.png HTTP/1.1" 200 1141
0:0:0:0:0:0:0:1 - - [09/Nov/2020:19:19:15 -0500] "GET /swagger-resources/configuration/ui HTTP/1.1" 200 238
0:0:0:0:0:0:0:1 - - [09/Nov/2020:19:19:16 -0500] "GET /swagger-resources HTTP/1.1" 200 80
0:0:0:0:0:0:0:1 - - [09/Nov/2020:19:19:17 -0500] "GET /v2/api-docs HTTP/1.1" 200 278
0:0:0:0:0:0:0:1 - - [09/Nov/2020:19:19:17 -0500] "GET /swagger-resources/configuration/security HTTP/1.1" 200 81
0:0:0:0:0:0:0:1 - - [09/Nov/2020:19:19:34 -0500] "GET /v2/api-docs HTTP/1.1" 200 278
0:0:0:0:0:0:0:1 - - [09/Nov/2020:19:19:34 -0500] "GET /swagger-resources/configuration/security HTTP/1.1" 200 81
0:0:0:0:0:0:0:1 - - [09/Nov/2020:19:19:36 -0500] "GET /v2/api-docs HTTP/1.1" 200 278
0:0:0:0:0:0:0:1 - - [09/Nov/2020:19:19:36 -0500] "GET /swagger-resources/configuration/security HTTP/1.1" 200 81
0:0:0:0:0:0:0:1 - - [09/Nov/2020:19:20:54 -0500] "GET /swagger-resources/configuration/ui HTTP/1.1" 200 238
0:0:0:0:0:0:0:1 - - [09/Nov/2020:19:20:54 -0500] "GET /swagger-resources HTTP/1.1" 200 80
0:0:0:0:0:0:0:1 - - [09/Nov/2020:19:20:54 -0500] "GET /v2/api-docs HTTP/1.1" 200 278
0:0:0:0:0:0:0:1 - - [09/Nov/2020:19:20:54 -0500] "GET /swagger-resources/configuration/security HTTP/1.1" 200 81
0:0:0:0:0:0:0:1 - - [09/Nov/2020:19:26:38 -0500] "GET /swagger-ui.html HTTP/1.1" 304 -
0:0:0:0:0:0:0:1 - - [09/Nov/2020:19:26:39 -0500] "GET /swagger-resources/configuration/ui HTTP/1.1" 200 238
0:0:0:0:0:0:0:1 - - [09/Nov/2020:19:26:39 -0500] "GET /swagger-resources HTTP/1.1" 200 80
0:0:0:0:0:0:0:1 - - [09/Nov/2020:19:26:39 -0500] "GET /v2/api-docs HTTP/1.1" 200 2503
0:0:0:0:0:0:0:1 - - [09/Nov/2020:19:26:39 -0500] "GET /swagger-resources/configuration/security HTTP/1.1" 200 81
0:0:0:0:0:0:0:1 - - [09/Nov/2020:19:27:07 -0500] "GET /webjars/springfox-swagger-ui/images/throbber.gif HTTP/1.1" 200 9257
0:0:0:0:0:0:0:1 - - [09/Nov/2020:19:27:07 -0500] "GET /api/v1/loanService HTTP/1.1" 500 143
0:0:0:0:0:0:0:1 - - [09/Nov/2020:19:28:34 -0500] "POST /api/v1/loanService/51 HTTP/1.1" 500 146
0:0:0:0:0:0:0:1 - - [09/Nov/2020:19:28:48 -0500] "GET /api/v1/loanService HTTP/1.1" 200 391
0:0:0:0:0:0:0:1 - - [09/Nov/2020:19:29:43 -0500] "POST /api/v1/loanService/50 HTTP/1.1" 500 146
0:0:0:0:0:0:0:1 - - [09/Nov/2020:19:35:24 -0500] "GET /v2/api-docs HTTP/1.1" 200 2503
0:0:0:0:0:0:0:1 - - [09/Nov/2020:19:35:24 -0500] "GET /favicon.ico HTTP/1.1" 404 124
127.0.0.1 - - [09/Nov/2020:22:23:47 -0500] "GET /api/v1/loanService HTTP/1.1" 500 304
0:0:0:0:0:0:0:1 - - [09/Nov/2020:23:03:33 -0500] "OPTIONS /api/loan HTTP/1.1" 403 31
0:0:0:0:0:0:0:1 - - [09/Nov/2020:23:03:43 -0500] "OPTIONS /api/loan HTTP/1.1" 403 31
